This file contains any messages produced by compilers while
running configure, to aid debugging if configure makes a mistake.

It was created by libhl configure libhl.3.1.19.g36e95c1, which was
generated by GNU Autoconf 2.69.  Invocation command line was

  $ ./configure 

## --------- ##
## Platform. ##
## --------- ##

hostname = ASIO-pool-laptop.local
uname -m = x86_64
uname -r = 15.5.0
uname -s = Darwin
uname -v = Darwin Kernel Version 15.5.0: Tue Apr 19 18:36:36 PDT 2016; root:xnu-3248.50.21~8/RELEASE_X86_64

/usr/bin/uname -p = i386
/bin/uname -X     = unknown

/bin/arch              = unknown
/usr/bin/arch -k       = unknown
/usr/convex/getsysinfo = unknown
/usr/bin/hostinfo      = Mach kernel version:
	 Darwin Kernel Version 15.5.0: Tue Apr 19 18:36:36 PDT 2016; root:xnu-3248.50.21~8/RELEASE_X86_64
Kernel configured for up to 8 processors.
4 processors are physically available.
8 processors are logically available.
Processor type: x86_64h (Intel x86-64h Haswell)
Processors active: 0 1 2 3 4 5 6 7
Primary memory available: 16.00 gigabytes
Default processor set: 358 tasks, 2645 threads, 8 processors
Load average: 4.35, Mach factor: 3.71
/bin/machine           = unknown
/usr/bin/oslevel       = unknown
/bin/universe          = unknown

PATH: /Users/mark/Downloads/google-cloud-sdk/bin
PATH: /usr/local/bin
PATH: /usr/bin
PATH: /bin
PATH: /usr/sbin
PATH: /sbin
PATH: /opt/X11/bin
PATH: /Library/Frameworks/Mono.framework/Versions/Current/Commands


## ----------- ##
## Core tests. ##
## ----------- ##

configure:2524: checking build system type
configure:2538: result: i686-apple-darwin15.5.0
configure:2558: checking host system type
configure:2571: result: i686-apple-darwin15.5.0
configure:2612: checking how to print strings
configure:2639: result: printf
configure:2708: checking for gcc
configure:2724: found /usr/bin/gcc
configure:2735: result: gcc
configure:2964: checking for C compiler version
configure:2973: gcc --version >&5
Apple LLVM version 7.3.0 (clang-703.0.31)
Target: x86_64-apple-darwin15.5.0
Thread model: posix
InstalledDir: /Applications/Xcode.app/Contents/Developer/Toolchains/XcodeDefault.xctoolchain/usr/bin
Configured with: --prefix=/Applications/Xcode.app/Contents/Developer/usr --with-gxx-include-dir=/usr/include/c++/4.2.1
configure:2984: $? = 0
configure:2973: gcc -v >&5
Configured with: --prefix=/Applications/Xcode.app/Contents/Developer/usr --with-gxx-include-dir=/usr/include/c++/4.2.1
Apple LLVM version 7.3.0 (clang-703.0.31)
Target: x86_64-apple-darwin15.5.0
Thread model: posix
InstalledDir: /Applications/Xcode.app/Contents/Developer/Toolchains/XcodeDefault.xctoolchain/usr/bin
configure:2984: $? = 0
configure:2973: gcc -V >&5
clang: error: argument to '-V' is missing (expected 1 value)
clang: error: no input files
configure:2984: $? = 1
configure:2973: gcc -qversion >&5
clang: error: unknown argument: '-qversion'
clang: error: no input files
configure:2984: $? = 1
configure:3004: checking whether the C compiler works
configure:3026: gcc    conftest.c  >&5
configure:3030: $? = 0
configure:3078: result: yes
configure:3081: checking for C compiler default output file name
configure:3083: result: a.out
configure:3089: checking for suffix of executables
configure:3096: gcc -o conftest    conftest.c  >&5
configure:3100: $? = 0
configure:3122: result: 
configure:3144: checking whether we are cross compiling
configure:3152: gcc -o conftest    conftest.c  >&5
configure:3156: $? = 0
configure:3163: ./conftest
configure:3167: $? = 0
configure:3182: result: no
configure:3187: checking for suffix of object files
configure:3209: gcc -c   conftest.c >&5
configure:3213: $? = 0
configure:3234: result: o
configure:3238: checking whether we are using the GNU C compiler
configure:3257: gcc -c   conftest.c >&5
configure:3257: $? = 0
configure:3266: result: yes
configure:3275: checking whether gcc accepts -g
configure:3295: gcc -c -g  conftest.c >&5
configure:3295: $? = 0
configure:3336: result: yes
configure:3353: checking for gcc option to accept ISO C89
configure:3416: gcc  -c -g -O2  conftest.c >&5
configure:3416: $? = 0
configure:3429: result: none needed
configure:3449: checking for a sed that does not truncate output
configure:3513: result: /usr/local/bin/gsed
configure:3531: checking for grep that handles long lines and -e
configure:3589: result: /usr/bin/grep
configure:3594: checking for egrep
configure:3656: result: /usr/bin/grep -E
configure:3661: checking for fgrep
configure:3723: result: /usr/bin/grep -F
configure:3758: checking for ld used by gcc
configure:3825: result: /Applications/Xcode.app/Contents/Developer/Toolchains/XcodeDefault.xctoolchain/usr/bin/ld
configure:3832: checking if the linker (/Applications/Xcode.app/Contents/Developer/Toolchains/XcodeDefault.xctoolchain/usr/bin/ld) is GNU ld
configure:3847: result: no
configure:3859: checking for BSD- or MS-compatible name lister (nm)
configure:3913: result: /usr/bin/nm -B
configure:4043: checking the name lister (/usr/bin/nm -B) interface
configure:4050: gcc -c -g -O2  conftest.c >&5
configure:4053: /usr/bin/nm -B "conftest.o"
configure:4056: output
00000000000001f4 S _some_variable
configure:4063: result: BSD nm
configure:4066: checking whether ln -s works
configure:4070: result: yes
configure:4078: checking the maximum length of command line arguments
configure:4209: result: 196608
configure:4257: checking how to convert i686-apple-darwin15.5.0 file names to i686-apple-darwin15.5.0 format
configure:4297: result: func_convert_file_noop
configure:4304: checking how to convert i686-apple-darwin15.5.0 file names to toolchain format
configure:4324: result: func_convert_file_noop
configure:4331: checking for /Applications/Xcode.app/Contents/Developer/Toolchains/XcodeDefault.xctoolchain/usr/bin/ld option to reload object files
configure:4338: result: -r
configure:4412: checking for objdump
configure:4442: result: no
configure:4471: checking how to recognize dependent libraries
configure:4671: result: pass_all
configure:4756: checking for dlltool
configure:4786: result: no
configure:4816: checking how to associate runtime and link libraries
configure:4843: result: printf %s\n
configure:4904: checking for ar
configure:4920: found /usr/bin/ar
configure:4931: result: ar
configure:4968: checking for archiver @FILE support
configure:4985: gcc -c -g -O2  conftest.c >&5
configure:4985: $? = 0
configure:4988: ar cru libconftest.a @conftest.lst >&5
ar: @conftest.lst: No such file or directory
configure:4991: $? = 1
configure:5011: result: no
configure:5069: checking for strip
configure:5085: found /usr/bin/strip
configure:5096: result: strip
configure:5168: checking for ranlib
configure:5184: found /usr/bin/ranlib
configure:5195: result: ranlib
configure:5272: checking for gawk
configure:5288: found /usr/local/bin/gawk
configure:5299: result: gawk
configure:5339: checking command to parse /usr/bin/nm -B output from gcc object
configure:5492: gcc -c -g -O2  conftest.c >&5
configure:5495: $? = 0
configure:5499: /usr/bin/nm -B conftest.o \| sed -n -e 's/^.*[ ]\([BCDEGRST][BCDEGRST]*\)[ ][ ]*\([_A-Za-z][_A-Za-z0-9]*\)$/\1 \2 \2/p' | sed '/ __gnu_lto/d' \> conftest.nm
configure:5502: $? = 0
cannot find nm_test_var in conftest.nm
configure:5492: gcc -c -g -O2  conftest.c >&5
configure:5495: $? = 0
configure:5499: /usr/bin/nm -B conftest.o \| sed -n -e 's/^.*[ ]\([BCDEGRST][BCDEGRST]*\)[ ][ ]*_\([_A-Za-z][_A-Za-z0-9]*\)$/\1 _\2 \2/p' | sed '/ __gnu_lto/d' \> conftest.nm
configure:5502: $? = 0
configure:5568: gcc -o conftest -g -O2   conftest.c conftstm.o >&5
warning: (x86_64)  could not find object file symbol for symbol _main
configure:5571: $? = 0
configure:5609: result: ok
configure:5656: checking for sysroot
configure:5686: result: no
configure:5693: checking for a working dd
configure:5731: result: /bin/dd
configure:5735: checking how to truncate binary pipes
configure:5750: result: /bin/dd bs=4096 count=1
configure:6079: checking for mt
configure:6109: result: no
configure:6129: checking if : is a manifest tool
configure:6135: : '-?'
configure:6143: result: no
configure:6199: checking for dsymutil
configure:6215: found /usr/bin/dsymutil
configure:6226: result: dsymutil
configure:6291: checking for nmedit
configure:6307: found /usr/bin/nmedit
configure:6318: result: nmedit
configure:6383: checking for lipo
configure:6399: found /usr/bin/lipo
configure:6410: result: lipo
configure:6475: checking for otool
configure:6491: found /usr/bin/otool
configure:6502: result: otool
configure:6567: checking for otool64
configure:6597: result: no
configure:6642: checking for -single_module linker flag
gcc -g -O2  -o libconftest.dylib -dynamiclib -Wl,-single_module conftest.c
configure:6675: result: yes
configure:6678: checking for -exported_symbols_list linker flag
configure:6698: gcc -o conftest -g -O2   -Wl,-exported_symbols_list,conftest.sym conftest.c  >&5
configure:6698: $? = 0
configure:6708: result: yes
configure:6711: checking for -force_load linker flag
gcc -g -O2 -c -o conftest.o conftest.c
ar cru libconftest.a conftest.o
ranlib libconftest.a
gcc -g -O2  -o conftest conftest.c -Wl,-force_load,./libconftest.a
configure:6743: result: yes
configure:6820: checking how to run the C preprocessor
configure:6851: gcc -E  conftest.c
configure:6851: $? = 0
configure:6865: gcc -E  conftest.c
conftest.c:9:10: fatal error: 'ac_nonexistent.h' file not found
#include <ac_nonexistent.h>
         ^
1 error generated.
configure:6865: $? = 1
configure: failed program was:
| /* confdefs.h */
| #define PACKAGE_NAME "libhl"
| #define PACKAGE_TARNAME "libhl"
| #define PACKAGE_VERSION "libhl.3.1.19.g36e95c1"
| #define PACKAGE_STRING "libhl libhl.3.1.19.g36e95c1"
| #define PACKAGE_BUGREPORT "https://github.com/xant/libhl/issues"
| #define PACKAGE_URL ""
| /* end confdefs.h.  */
| #include <ac_nonexistent.h>
configure:6890: result: gcc -E
configure:6910: gcc -E  conftest.c
configure:6910: $? = 0
configure:6924: gcc -E  conftest.c
conftest.c:9:10: fatal error: 'ac_nonexistent.h' file not found
#include <ac_nonexistent.h>
         ^
1 error generated.
configure:6924: $? = 1
configure: failed program was:
| /* confdefs.h */
| #define PACKAGE_NAME "libhl"
| #define PACKAGE_TARNAME "libhl"
| #define PACKAGE_VERSION "libhl.3.1.19.g36e95c1"
| #define PACKAGE_STRING "libhl libhl.3.1.19.g36e95c1"
| #define PACKAGE_BUGREPORT "https://github.com/xant/libhl/issues"
| #define PACKAGE_URL ""
| /* end confdefs.h.  */
| #include <ac_nonexistent.h>
configure:6953: checking for ANSI C header files
configure:6973: gcc -c -g -O2  conftest.c >&5
configure:6973: $? = 0
configure:7046: gcc -o conftest -g -O2   conftest.c  >&5
configure:7046: $? = 0
configure:7046: ./conftest
configure:7046: $? = 0
configure:7057: result: yes
configure:7070: checking for sys/types.h
configure:7070: gcc -c -g -O2  conftest.c >&5
configure:7070: $? = 0
configure:7070: result: yes
configure:7070: checking for sys/stat.h
configure:7070: gcc -c -g -O2  conftest.c >&5
configure:7070: $? = 0
configure:7070: result: yes
configure:7070: checking for stdlib.h
configure:7070: gcc -c -g -O2  conftest.c >&5
configure:7070: $? = 0
configure:7070: result: yes
configure:7070: checking for string.h
configure:7070: gcc -c -g -O2  conftest.c >&5
configure:7070: $? = 0
configure:7070: result: yes
configure:7070: checking for memory.h
configure:7070: gcc -c -g -O2  conftest.c >&5
configure:7070: $? = 0
configure:7070: result: yes
configure:7070: checking for strings.h
configure:7070: gcc -c -g -O2  conftest.c >&5
configure:7070: $? = 0
configure:7070: result: yes
configure:7070: checking for inttypes.h
configure:7070: gcc -c -g -O2  conftest.c >&5
configure:7070: $? = 0
configure:7070: result: yes
configure:7070: checking for stdint.h
configure:7070: gcc -c -g -O2  conftest.c >&5
configure:7070: $? = 0
configure:7070: result: yes
configure:7070: checking for unistd.h
configure:7070: gcc -c -g -O2  conftest.c >&5
configure:7070: $? = 0
configure:7070: result: yes
configure:7084: checking for dlfcn.h
configure:7084: gcc -c -g -O2  conftest.c >&5
configure:7084: $? = 0
configure:7084: result: yes
configure:7340: checking for objdir
configure:7355: result: .libs
configure:7619: checking if gcc supports -fno-rtti -fno-exceptions
configure:7637: gcc -c -g -O2  -fno-rtti -fno-exceptions conftest.c >&5
configure:7641: $? = 0
configure:7654: result: yes
configure:8012: checking for gcc option to produce PIC
configure:8019: result: -fno-common -DPIC
configure:8027: checking if gcc PIC flag -fno-common -DPIC works
configure:8045: gcc -c -g -O2  -fno-common -DPIC -DPIC conftest.c >&5
configure:8049: $? = 0
configure:8062: result: yes
configure:8091: checking if gcc static flag -static works
configure:8119: result: no
configure:8134: checking if gcc supports -c -o file.o
configure:8155: gcc -c -g -O2  -o out/conftest2.o conftest.c >&5
configure:8159: $? = 0
configure:8181: result: yes
configure:8189: checking if gcc supports -c -o file.o
configure:8236: result: yes
configure:8269: checking whether the gcc linker (/Applications/Xcode.app/Contents/Developer/Toolchains/XcodeDefault.xctoolchain/usr/bin/ld) supports shared libraries
configure:9528: result: yes
configure:9768: checking dynamic linker characteristics
configure:10586: result: darwin15.5.0 dyld
configure:10708: checking how to hardcode library paths into programs
configure:10733: result: immediate
configure:11281: checking whether stripping libraries is possible
configure:11295: result: yes
configure:11321: checking if libtool supports shared libraries
configure:11323: result: yes
configure:11326: checking whether to build shared libraries
configure:11351: result: yes
configure:11354: checking whether to build static libraries
configure:11358: result: yes
configure:11447: checking for gcc
configure:11474: result: gcc
configure:11703: checking for C compiler version
configure:11712: gcc --version >&5
Apple LLVM version 7.3.0 (clang-703.0.31)
Target: x86_64-apple-darwin15.5.0
Thread model: posix
InstalledDir: /Applications/Xcode.app/Contents/Developer/Toolchains/XcodeDefault.xctoolchain/usr/bin
Configured with: --prefix=/Applications/Xcode.app/Contents/Developer/usr --with-gxx-include-dir=/usr/include/c++/4.2.1
configure:11723: $? = 0
configure:11712: gcc -v >&5
Configured with: --prefix=/Applications/Xcode.app/Contents/Developer/usr --with-gxx-include-dir=/usr/include/c++/4.2.1
Apple LLVM version 7.3.0 (clang-703.0.31)
Target: x86_64-apple-darwin15.5.0
Thread model: posix
InstalledDir: /Applications/Xcode.app/Contents/Developer/Toolchains/XcodeDefault.xctoolchain/usr/bin
configure:11723: $? = 0
configure:11712: gcc -V >&5
clang: error: argument to '-V' is missing (expected 1 value)
clang: error: no input files
configure:11723: $? = 1
configure:11712: gcc -qversion >&5
clang: error: unknown argument: '-qversion'
clang: error: no input files
configure:11723: $? = 1
configure:11727: checking whether we are using the GNU C compiler
configure:11755: result: yes
configure:11764: checking whether gcc accepts -g
configure:11825: result: yes
configure:11842: checking for gcc option to accept ISO C89
configure:11918: result: none needed
configure:11938: checking whether make sets $(MAKE)
configure:11960: result: yes
configure:11976: checking fcntl.h usability
configure:11976: gcc -c -g -O2  conftest.c >&5
configure:11976: $? = 0
configure:11976: result: yes
configure:11976: checking fcntl.h presence
configure:11976: gcc -E  conftest.c
configure:11976: $? = 0
configure:11976: result: yes
configure:11976: checking for fcntl.h
configure:11976: result: yes
configure:11976: checking for inttypes.h
configure:11976: result: yes
configure:11976: checking limits.h usability
configure:11976: gcc -c -g -O2  conftest.c >&5
configure:11976: $? = 0
configure:11976: result: yes
configure:11976: checking limits.h presence
configure:11976: gcc -E  conftest.c
configure:11976: $? = 0
configure:11976: result: yes
configure:11976: checking for limits.h
configure:11976: result: yes
configure:11976: checking for stdint.h
configure:11976: result: yes
configure:11976: checking for stdlib.h
configure:11976: result: yes
configure:11976: checking for string.h
configure:11976: result: yes
configure:11976: checking for strings.h
configure:11976: result: yes
configure:11976: checking sys/ioctl.h usability
configure:11976: gcc -c -g -O2  conftest.c >&5
configure:11976: $? = 0
configure:11976: result: yes
configure:11976: checking sys/ioctl.h presence
configure:11976: gcc -E  conftest.c
configure:11976: $? = 0
configure:11976: result: yes
configure:11976: checking for sys/ioctl.h
configure:11976: result: yes
configure:11976: checking sys/param.h usability
configure:11976: gcc -c -g -O2  conftest.c >&5
configure:11976: $? = 0
configure:11976: result: yes
configure:11976: checking sys/param.h presence
configure:11976: gcc -E  conftest.c
configure:11976: $? = 0
configure:11976: result: yes
configure:11976: checking for sys/param.h
configure:11976: result: yes
configure:11976: checking sys/time.h usability
configure:11976: gcc -c -g -O2  conftest.c >&5
configure:11976: $? = 0
configure:11976: result: yes
configure:11976: checking sys/time.h presence
configure:11976: gcc -E  conftest.c
configure:11976: $? = 0
configure:11976: result: yes
configure:11976: checking for sys/time.h
configure:11976: result: yes
configure:11976: checking syslog.h usability
configure:11976: gcc -c -g -O2  conftest.c >&5
configure:11976: $? = 0
configure:11976: result: yes
configure:11976: checking syslog.h presence
configure:11976: gcc -E  conftest.c
configure:11976: $? = 0
configure:11976: result: yes
configure:11976: checking for syslog.h
configure:11976: result: yes
configure:11976: checking for unistd.h
configure:11976: result: yes
configure:11988: checking for stdbool.h that conforms to C99
configure:12055: gcc -c -g -O2  conftest.c >&5
conftest.c:82:24: warning: address of 's' will always evaluate to 'true' [-Wpointer-bool-conversion]
             bool e = &s;
                  ~    ^
conftest.c:86:23: warning: address of array 'a' will always evaluate to 'true' [-Wpointer-bool-conversion]
             return (!a + !b + !c + !d + !e + !f + !g + !h + !i + !!j + !k + !!l
                     ~^
conftest.c:86:28: warning: address of array 'b' will always evaluate to 'true' [-Wpointer-bool-conversion]
             return (!a + !b + !c + !d + !e + !f + !g + !h + !i + !!j + !k + !!l
                          ~^
conftest.c:86:33: warning: address of array 'c' will always evaluate to 'true' [-Wpointer-bool-conversion]
             return (!a + !b + !c + !d + !e + !f + !g + !h + !i + !!j + !k + !!l
                               ~^
conftest.c:86:38: warning: address of array 'd' will always evaluate to 'true' [-Wpointer-bool-conversion]
             return (!a + !b + !c + !d + !e + !f + !g + !h + !i + !!j + !k + !!l
                                    ~^
conftest.c:86:48: warning: address of array 'f' will always evaluate to 'true' [-Wpointer-bool-conversion]
             return (!a + !b + !c + !d + !e + !f + !g + !h + !i + !!j + !k + !!l
                                              ~^
conftest.c:86:53: warning: address of array 'g' will always evaluate to 'true' [-Wpointer-bool-conversion]
             return (!a + !b + !c + !d + !e + !f + !g + !h + !i + !!j + !k + !!l
                                                   ~^
conftest.c:86:58: warning: address of array 'h' will always evaluate to 'true' [-Wpointer-bool-conversion]
             return (!a + !b + !c + !d + !e + !f + !g + !h + !i + !!j + !k + !!l
                                                        ~^
conftest.c:86:63: warning: address of array 'i' will always evaluate to 'true' [-Wpointer-bool-conversion]
             return (!a + !b + !c + !d + !e + !f + !g + !h + !i + !!j + !k + !!l
                                                             ~^
conftest.c:87:30: warning: address of array 'n' will always evaluate to 'true' [-Wpointer-bool-conversion]
                            ~^
conftest.c:87:35: warning: address of array 'o' will always evaluate to 'true' [-Wpointer-bool-conversion]
                                 ~^
conftest.c:87:40: warning: address of array 'p' will always evaluate to 'true' [-Wpointer-bool-conversion]
                                      ~^
12 warnings generated.
configure:12055: $? = 0
configure:12062: result: yes
configure:12064: checking for _Bool
configure:12064: gcc -c -g -O2  conftest.c >&5
configure:12064: $? = 0
configure:12064: gcc -c -g -O2  conftest.c >&5
conftest.c:69:20: error: expected expression
if (sizeof ((_Bool)))
                   ^
1 error generated.
configure:12064: $? = 1
configure: failed program was:
| /* confdefs.h */
| #define PACKAGE_NAME "libhl"
| #define PACKAGE_TARNAME "libhl"
| #define PACKAGE_VERSION "libhl.3.1.19.g36e95c1"
| #define PACKAGE_STRING "libhl libhl.3.1.19.g36e95c1"
| #define PACKAGE_BUGREPORT "https://github.com/xant/libhl/issues"
| #define PACKAGE_URL ""
| #define STDC_HEADERS 1
| #define HAVE_SYS_TYPES_H 1
| #define HAVE_SYS_STAT_H 1
| #define HAVE_STDLIB_H 1
| #define HAVE_STRING_H 1
| #define HAVE_MEMORY_H 1
| #define HAVE_STRINGS_H 1
| #define HAVE_INTTYPES_H 1
| #define HAVE_STDINT_H 1
| #define HAVE_UNISTD_H 1
| #define HAVE_DLFCN_H 1
| #define LT_OBJDIR ".libs/"
| #define HAVE_FCNTL_H 1
| #define HAVE_INTTYPES_H 1
| #define HAVE_LIMITS_H 1
| #define HAVE_STDINT_H 1
| #define HAVE_STDLIB_H 1
| #define HAVE_STRING_H 1
| #define HAVE_STRINGS_H 1
| #define HAVE_SYS_IOCTL_H 1
| #define HAVE_SYS_PARAM_H 1
| #define HAVE_SYS_TIME_H 1
| #define HAVE_SYSLOG_H 1
| #define HAVE_UNISTD_H 1
| /* end confdefs.h.  */
| #include <stdio.h>
| #ifdef HAVE_SYS_TYPES_H
| # include <sys/types.h>
| #endif
| #ifdef HAVE_SYS_STAT_H
| # include <sys/stat.h>
| #endif
| #ifdef STDC_HEADERS
| # include <stdlib.h>
| # include <stddef.h>
| #else
| # ifdef HAVE_STDLIB_H
| #  include <stdlib.h>
| # endif
| #endif
| #ifdef HAVE_STRING_H
| # if !defined STDC_HEADERS && defined HAVE_MEMORY_H
| #  include <memory.h>
| # endif
| # include <string.h>
| #endif
| #ifdef HAVE_STRINGS_H
| # include <strings.h>
| #endif
| #ifdef HAVE_INTTYPES_H
| # include <inttypes.h>
| #endif
| #ifdef HAVE_STDINT_H
| # include <stdint.h>
| #endif
| #ifdef HAVE_UNISTD_H
| # include <unistd.h>
| #endif
| int
| main ()
| {
| if (sizeof ((_Bool)))
| 	    return 0;
|   ;
|   return 0;
| }
configure:12064: result: yes
configure:12075: checking for inline
configure:12091: gcc -c -g -O2  conftest.c >&5
configure:12091: $? = 0
configure:12099: result: inline
configure:12117: checking for int16_t
configure:12117: gcc -c -g -O2  conftest.c >&5
configure:12117: $? = 0
configure:12117: gcc -c -g -O2  conftest.c >&5
conftest.c:71:24: error: 'test_array' declared as an array with a negative size
static int test_array [1 - 2 * !((int16_t) (((((int16_t) 1 << N) << N) - 1) * 2 + 1)
                       ^~~~~~~~~~~~~~~~~~~~~~~~~~~~~~~~~~~~~~~~~~~~~~~~~~~~~~~~~~~~~
1 error generated.
configure:12117: $? = 1
configure: failed program was:
| /* confdefs.h */
| #define PACKAGE_NAME "libhl"
| #define PACKAGE_TARNAME "libhl"
| #define PACKAGE_VERSION "libhl.3.1.19.g36e95c1"
| #define PACKAGE_STRING "libhl libhl.3.1.19.g36e95c1"
| #define PACKAGE_BUGREPORT "https://github.com/xant/libhl/issues"
| #define PACKAGE_URL ""
| #define STDC_HEADERS 1
| #define HAVE_SYS_TYPES_H 1
| #define HAVE_SYS_STAT_H 1
| #define HAVE_STDLIB_H 1
| #define HAVE_STRING_H 1
| #define HAVE_MEMORY_H 1
| #define HAVE_STRINGS_H 1
| #define HAVE_INTTYPES_H 1
| #define HAVE_STDINT_H 1
| #define HAVE_UNISTD_H 1
| #define HAVE_DLFCN_H 1
| #define LT_OBJDIR ".libs/"
| #define HAVE_FCNTL_H 1
| #define HAVE_INTTYPES_H 1
| #define HAVE_LIMITS_H 1
| #define HAVE_STDINT_H 1
| #define HAVE_STDLIB_H 1
| #define HAVE_STRING_H 1
| #define HAVE_STRINGS_H 1
| #define HAVE_SYS_IOCTL_H 1
| #define HAVE_SYS_PARAM_H 1
| #define HAVE_SYS_TIME_H 1
| #define HAVE_SYSLOG_H 1
| #define HAVE_UNISTD_H 1
| #define HAVE__BOOL 1
| /* end confdefs.h.  */
| #include <stdio.h>
| #ifdef HAVE_SYS_TYPES_H
| # include <sys/types.h>
| #endif
| #ifdef HAVE_SYS_STAT_H
| # include <sys/stat.h>
| #endif
| #ifdef STDC_HEADERS
| # include <stdlib.h>
| # include <stddef.h>
| #else
| # ifdef HAVE_STDLIB_H
| #  include <stdlib.h>
| # endif
| #endif
| #ifdef HAVE_STRING_H
| # if !defined STDC_HEADERS && defined HAVE_MEMORY_H
| #  include <memory.h>
| # endif
| # include <string.h>
| #endif
| #ifdef HAVE_STRINGS_H
| # include <strings.h>
| #endif
| #ifdef HAVE_INTTYPES_H
| # include <inttypes.h>
| #endif
| #ifdef HAVE_STDINT_H
| # include <stdint.h>
| #endif
| #ifdef HAVE_UNISTD_H
| # include <unistd.h>
| #endif
| 	        enum { N = 16 / 2 - 1 };
| int
| main ()
| {
| static int test_array [1 - 2 * !((int16_t) (((((int16_t) 1 << N) << N) - 1) * 2 + 1)
| 		 < (int16_t) (((((int16_t) 1 << N) << N) - 1) * 2 + 2))];
| test_array [0] = 0;
| return test_array [0];
| 
|   ;
|   return 0;
| }
configure:12117: result: yes
configure:12128: checking for int32_t
configure:12128: gcc -c -g -O2  conftest.c >&5
configure:12128: $? = 0
configure:12128: gcc -c -g -O2  conftest.c >&5
conftest.c:71:24: error: 'test_array' declared as an array with a negative size
static int test_array [1 - 2 * !((int32_t) (((((int32_t) 1 << N) << N) - 1) * 2 + 1)
                       ^~~~~~~~~~~~~~~~~~~~~~~~~~~~~~~~~~~~~~~~~~~~~~~~~~~~~~~~~~~~~
1 error generated.
configure:12128: $? = 1
configure: failed program was:
| /* confdefs.h */
| #define PACKAGE_NAME "libhl"
| #define PACKAGE_TARNAME "libhl"
| #define PACKAGE_VERSION "libhl.3.1.19.g36e95c1"
| #define PACKAGE_STRING "libhl libhl.3.1.19.g36e95c1"
| #define PACKAGE_BUGREPORT "https://github.com/xant/libhl/issues"
| #define PACKAGE_URL ""
| #define STDC_HEADERS 1
| #define HAVE_SYS_TYPES_H 1
| #define HAVE_SYS_STAT_H 1
| #define HAVE_STDLIB_H 1
| #define HAVE_STRING_H 1
| #define HAVE_MEMORY_H 1
| #define HAVE_STRINGS_H 1
| #define HAVE_INTTYPES_H 1
| #define HAVE_STDINT_H 1
| #define HAVE_UNISTD_H 1
| #define HAVE_DLFCN_H 1
| #define LT_OBJDIR ".libs/"
| #define HAVE_FCNTL_H 1
| #define HAVE_INTTYPES_H 1
| #define HAVE_LIMITS_H 1
| #define HAVE_STDINT_H 1
| #define HAVE_STDLIB_H 1
| #define HAVE_STRING_H 1
| #define HAVE_STRINGS_H 1
| #define HAVE_SYS_IOCTL_H 1
| #define HAVE_SYS_PARAM_H 1
| #define HAVE_SYS_TIME_H 1
| #define HAVE_SYSLOG_H 1
| #define HAVE_UNISTD_H 1
| #define HAVE__BOOL 1
| /* end confdefs.h.  */
| #include <stdio.h>
| #ifdef HAVE_SYS_TYPES_H
| # include <sys/types.h>
| #endif
| #ifdef HAVE_SYS_STAT_H
| # include <sys/stat.h>
| #endif
| #ifdef STDC_HEADERS
| # include <stdlib.h>
| # include <stddef.h>
| #else
| # ifdef HAVE_STDLIB_H
| #  include <stdlib.h>
| # endif
| #endif
| #ifdef HAVE_STRING_H
| # if !defined STDC_HEADERS && defined HAVE_MEMORY_H
| #  include <memory.h>
| # endif
| # include <string.h>
| #endif
| #ifdef HAVE_STRINGS_H
| # include <strings.h>
| #endif
| #ifdef HAVE_INTTYPES_H
| # include <inttypes.h>
| #endif
| #ifdef HAVE_STDINT_H
| # include <stdint.h>
| #endif
| #ifdef HAVE_UNISTD_H
| # include <unistd.h>
| #endif
| 	        enum { N = 32 / 2 - 1 };
| int
| main ()
| {
| static int test_array [1 - 2 * !((int32_t) (((((int32_t) 1 << N) << N) - 1) * 2 + 1)
| 		 < (int32_t) (((((int32_t) 1 << N) << N) - 1) * 2 + 2))];
| test_array [0] = 0;
| return test_array [0];
| 
|   ;
|   return 0;
| }
configure:12128: result: yes
configure:12139: checking for int64_t
configure:12139: gcc -c -g -O2  conftest.c >&5
configure:12139: $? = 0
configure:12139: gcc -c -g -O2  conftest.c >&5
conftest.c:71:24: error: 'test_array' declared as an array with a negative size
static int test_array [1 - 2 * !((int64_t) (((((int64_t) 1 << N) << N) - 1) * 2 + 1)
                       ^~~~~~~~~~~~~~~~~~~~~~~~~~~~~~~~~~~~~~~~~~~~~~~~~~~~~~~~~~~~~
1 error generated.
configure:12139: $? = 1
configure: failed program was:
| /* confdefs.h */
| #define PACKAGE_NAME "libhl"
| #define PACKAGE_TARNAME "libhl"
| #define PACKAGE_VERSION "libhl.3.1.19.g36e95c1"
| #define PACKAGE_STRING "libhl libhl.3.1.19.g36e95c1"
| #define PACKAGE_BUGREPORT "https://github.com/xant/libhl/issues"
| #define PACKAGE_URL ""
| #define STDC_HEADERS 1
| #define HAVE_SYS_TYPES_H 1
| #define HAVE_SYS_STAT_H 1
| #define HAVE_STDLIB_H 1
| #define HAVE_STRING_H 1
| #define HAVE_MEMORY_H 1
| #define HAVE_STRINGS_H 1
| #define HAVE_INTTYPES_H 1
| #define HAVE_STDINT_H 1
| #define HAVE_UNISTD_H 1
| #define HAVE_DLFCN_H 1
| #define LT_OBJDIR ".libs/"
| #define HAVE_FCNTL_H 1
| #define HAVE_INTTYPES_H 1
| #define HAVE_LIMITS_H 1
| #define HAVE_STDINT_H 1
| #define HAVE_STDLIB_H 1
| #define HAVE_STRING_H 1
| #define HAVE_STRINGS_H 1
| #define HAVE_SYS_IOCTL_H 1
| #define HAVE_SYS_PARAM_H 1
| #define HAVE_SYS_TIME_H 1
| #define HAVE_SYSLOG_H 1
| #define HAVE_UNISTD_H 1
| #define HAVE__BOOL 1
| /* end confdefs.h.  */
| #include <stdio.h>
| #ifdef HAVE_SYS_TYPES_H
| # include <sys/types.h>
| #endif
| #ifdef HAVE_SYS_STAT_H
| # include <sys/stat.h>
| #endif
| #ifdef STDC_HEADERS
| # include <stdlib.h>
| # include <stddef.h>
| #else
| # ifdef HAVE_STDLIB_H
| #  include <stdlib.h>
| # endif
| #endif
| #ifdef HAVE_STRING_H
| # if !defined STDC_HEADERS && defined HAVE_MEMORY_H
| #  include <memory.h>
| # endif
| # include <string.h>
| #endif
| #ifdef HAVE_STRINGS_H
| # include <strings.h>
| #endif
| #ifdef HAVE_INTTYPES_H
| # include <inttypes.h>
| #endif
| #ifdef HAVE_STDINT_H
| # include <stdint.h>
| #endif
| #ifdef HAVE_UNISTD_H
| # include <unistd.h>
| #endif
| 	        enum { N = 64 / 2 - 1 };
| int
| main ()
| {
| static int test_array [1 - 2 * !((int64_t) (((((int64_t) 1 << N) << N) - 1) * 2 + 1)
| 		 < (int64_t) (((((int64_t) 1 << N) << N) - 1) * 2 + 2))];
| test_array [0] = 0;
| return test_array [0];
| 
|   ;
|   return 0;
| }
configure:12139: result: yes
configure:12150: checking for size_t
configure:12150: gcc -c -g -O2  conftest.c >&5
configure:12150: $? = 0
configure:12150: gcc -c -g -O2  conftest.c >&5
conftest.c:70:21: error: expected expression
if (sizeof ((size_t)))
                    ^
1 error generated.
configure:12150: $? = 1
configure: failed program was:
| /* confdefs.h */
| #define PACKAGE_NAME "libhl"
| #define PACKAGE_TARNAME "libhl"
| #define PACKAGE_VERSION "libhl.3.1.19.g36e95c1"
| #define PACKAGE_STRING "libhl libhl.3.1.19.g36e95c1"
| #define PACKAGE_BUGREPORT "https://github.com/xant/libhl/issues"
| #define PACKAGE_URL ""
| #define STDC_HEADERS 1
| #define HAVE_SYS_TYPES_H 1
| #define HAVE_SYS_STAT_H 1
| #define HAVE_STDLIB_H 1
| #define HAVE_STRING_H 1
| #define HAVE_MEMORY_H 1
| #define HAVE_STRINGS_H 1
| #define HAVE_INTTYPES_H 1
| #define HAVE_STDINT_H 1
| #define HAVE_UNISTD_H 1
| #define HAVE_DLFCN_H 1
| #define LT_OBJDIR ".libs/"
| #define HAVE_FCNTL_H 1
| #define HAVE_INTTYPES_H 1
| #define HAVE_LIMITS_H 1
| #define HAVE_STDINT_H 1
| #define HAVE_STDLIB_H 1
| #define HAVE_STRING_H 1
| #define HAVE_STRINGS_H 1
| #define HAVE_SYS_IOCTL_H 1
| #define HAVE_SYS_PARAM_H 1
| #define HAVE_SYS_TIME_H 1
| #define HAVE_SYSLOG_H 1
| #define HAVE_UNISTD_H 1
| #define HAVE__BOOL 1
| /* end confdefs.h.  */
| #include <stdio.h>
| #ifdef HAVE_SYS_TYPES_H
| # include <sys/types.h>
| #endif
| #ifdef HAVE_SYS_STAT_H
| # include <sys/stat.h>
| #endif
| #ifdef STDC_HEADERS
| # include <stdlib.h>
| # include <stddef.h>
| #else
| # ifdef HAVE_STDLIB_H
| #  include <stdlib.h>
| # endif
| #endif
| #ifdef HAVE_STRING_H
| # if !defined STDC_HEADERS && defined HAVE_MEMORY_H
| #  include <memory.h>
| # endif
| # include <string.h>
| #endif
| #ifdef HAVE_STRINGS_H
| # include <strings.h>
| #endif
| #ifdef HAVE_INTTYPES_H
| # include <inttypes.h>
| #endif
| #ifdef HAVE_STDINT_H
| # include <stdint.h>
| #endif
| #ifdef HAVE_UNISTD_H
| # include <unistd.h>
| #endif
| int
| main ()
| {
| if (sizeof ((size_t)))
| 	    return 0;
|   ;
|   return 0;
| }
configure:12150: result: yes
configure:12161: checking for ssize_t
configure:12161: gcc -c -g -O2  conftest.c >&5
configure:12161: $? = 0
configure:12161: gcc -c -g -O2  conftest.c >&5
conftest.c:70:22: error: expected expression
if (sizeof ((ssize_t)))
                     ^
1 error generated.
configure:12161: $? = 1
configure: failed program was:
| /* confdefs.h */
| #define PACKAGE_NAME "libhl"
| #define PACKAGE_TARNAME "libhl"
| #define PACKAGE_VERSION "libhl.3.1.19.g36e95c1"
| #define PACKAGE_STRING "libhl libhl.3.1.19.g36e95c1"
| #define PACKAGE_BUGREPORT "https://github.com/xant/libhl/issues"
| #define PACKAGE_URL ""
| #define STDC_HEADERS 1
| #define HAVE_SYS_TYPES_H 1
| #define HAVE_SYS_STAT_H 1
| #define HAVE_STDLIB_H 1
| #define HAVE_STRING_H 1
| #define HAVE_MEMORY_H 1
| #define HAVE_STRINGS_H 1
| #define HAVE_INTTYPES_H 1
| #define HAVE_STDINT_H 1
| #define HAVE_UNISTD_H 1
| #define HAVE_DLFCN_H 1
| #define LT_OBJDIR ".libs/"
| #define HAVE_FCNTL_H 1
| #define HAVE_INTTYPES_H 1
| #define HAVE_LIMITS_H 1
| #define HAVE_STDINT_H 1
| #define HAVE_STDLIB_H 1
| #define HAVE_STRING_H 1
| #define HAVE_STRINGS_H 1
| #define HAVE_SYS_IOCTL_H 1
| #define HAVE_SYS_PARAM_H 1
| #define HAVE_SYS_TIME_H 1
| #define HAVE_SYSLOG_H 1
| #define HAVE_UNISTD_H 1
| #define HAVE__BOOL 1
| /* end confdefs.h.  */
| #include <stdio.h>
| #ifdef HAVE_SYS_TYPES_H
| # include <sys/types.h>
| #endif
| #ifdef HAVE_SYS_STAT_H
| # include <sys/stat.h>
| #endif
| #ifdef STDC_HEADERS
| # include <stdlib.h>
| # include <stddef.h>
| #else
| # ifdef HAVE_STDLIB_H
| #  include <stdlib.h>
| # endif
| #endif
| #ifdef HAVE_STRING_H
| # if !defined STDC_HEADERS && defined HAVE_MEMORY_H
| #  include <memory.h>
| # endif
| # include <string.h>
| #endif
| #ifdef HAVE_STRINGS_H
| # include <strings.h>
| #endif
| #ifdef HAVE_INTTYPES_H
| # include <inttypes.h>
| #endif
| #ifdef HAVE_STDINT_H
| # include <stdint.h>
| #endif
| #ifdef HAVE_UNISTD_H
| # include <unistd.h>
| #endif
| int
| main ()
| {
| if (sizeof ((ssize_t)))
| 	    return 0;
|   ;
|   return 0;
| }
configure:12161: result: yes
configure:12172: checking for uint16_t
configure:12172: gcc -c -g -O2  conftest.c >&5
configure:12172: $? = 0
configure:12172: result: yes
configure:12184: checking for uint32_t
configure:12184: gcc -c -g -O2  conftest.c >&5
configure:12184: $? = 0
configure:12184: result: yes
configure:12198: checking for uint64_t
configure:12198: gcc -c -g -O2  conftest.c >&5
configure:12198: $? = 0
configure:12198: result: yes
configure:12212: checking for uint8_t
configure:12212: gcc -c -g -O2  conftest.c >&5
configure:12212: $? = 0
configure:12212: result: yes
configure:12230: checking for stdlib.h
configure:12230: result: yes
configure:12240: checking for GNU libc compatible malloc
configure:12264: gcc -o conftest -g -O2   conftest.c  >&5
configure:12264: $? = 0
configure:12264: ./conftest
configure:12264: $? = 0
configure:12274: result: yes
configure:12297: checking for stdlib.h
configure:12297: result: yes
configure:12307: checking for GNU libc compatible realloc
configure:12331: gcc -o conftest -g -O2   conftest.c  >&5
configure:12331: $? = 0
configure:12331: ./conftest
configure:12331: $? = 0
configure:12341: result: yes
configure:12362: checking for working strcoll
configure:12383: gcc -o conftest -g -O2   conftest.c  >&5
configure:12383: $? = 0
configure:12383: ./conftest
configure:12383: $? = 0
configure:12393: result: yes
configure:12513: checking if compiler needs -Werror to reject unknown flags
configure:12529: gcc -c -g -O2 -Werror -Wunknown-warning-option -Wsizeof-array-argument  conftest.c >&5
configure:12529: $? = 0
configure:12530: result: yes
configure:12550: checking whether pthreads work with -pthread
configure:12638: gcc -o conftest -g -O2 -pthread -Werror   conftest.c   >&5
configure:12638: $? = 0
configure:12647: result: yes
configure:12666: checking for joinable pthread attribute
configure:12681: gcc -o conftest -g -O2 -pthread   conftest.c   >&5
configure:12681: $? = 0
configure:12687: result: PTHREAD_CREATE_JOINABLE
configure:12697: checking if more special flags are required for pthreads
configure:12712: result: -D_THREAD_SAFE
configure:12718: checking for PTHREAD_PRIO_INHERIT
configure:12735: gcc -o conftest -g -O2 -pthread   conftest.c   >&5
configure:12735: $? = 0
configure:12744: result: yes
configure:12856: checking for gettimeofday
configure:12856: gcc -o conftest -g -O2 -D_THREAD_SAFE -pthread -DTHREAD_SAFE -I/usr/local/include   -L/usr/local/lib conftest.c  >&5
configure:12856: $? = 0
configure:12856: result: yes
configure:12856: checking for memchr
configure:12856: gcc -o conftest -g -O2 -D_THREAD_SAFE -pthread -DTHREAD_SAFE -I/usr/local/include   -L/usr/local/lib conftest.c  >&5
conftest.c:65:6: warning: incompatible redeclaration of library function 'memchr' [-Wincompatible-library-redeclaration]
char memchr ();
     ^
conftest.c:65:6: note: 'memchr' is a builtin with type 'void *(const void *, int, unsigned long)'
1 warning generated.
configure:12856: $? = 0
configure:12856: result: yes
configure:12856: checking for memmove
configure:12856: gcc -o conftest -g -O2 -D_THREAD_SAFE -pthread -DTHREAD_SAFE -I/usr/local/include   -L/usr/local/lib conftest.c  >&5
conftest.c:66:6: warning: incompatible redeclaration of library function 'memmove' [-Wincompatible-library-redeclaration]
char memmove ();
     ^
conftest.c:66:6: note: 'memmove' is a builtin with type 'void *(void *, const void *, unsigned long)'
1 warning generated.
configure:12856: $? = 0
configure:12856: result: yes
configure:12856: checking for memset
configure:12856: gcc -o conftest -g -O2 -D_THREAD_SAFE -pthread -DTHREAD_SAFE -I/usr/local/include   -L/usr/local/lib conftest.c  >&5
conftest.c:67:6: warning: incompatible redeclaration of library function 'memset' [-Wincompatible-library-redeclaration]
char memset ();
     ^
conftest.c:67:6: note: 'memset' is a builtin with type 'void *(void *, int, unsigned long)'
1 warning generated.
configure:12856: $? = 0
configure:12856: result: yes
configure:12856: checking for stpcpy
configure:12856: gcc -o conftest -g -O2 -D_THREAD_SAFE -pthread -DTHREAD_SAFE -I/usr/local/include   -L/usr/local/lib conftest.c  >&5
conftest.c:68:6: warning: incompatible redeclaration of library function 'stpcpy' [-Wincompatible-library-redeclaration]
char stpcpy ();
     ^
conftest.c:68:6: note: 'stpcpy' is a builtin with type 'char *(char *, const char *)'
1 warning generated.
configure:12856: $? = 0
configure:12856: result: yes
configure:12856: checking for strchr
configure:12856: gcc -o conftest -g -O2 -D_THREAD_SAFE -pthread -DTHREAD_SAFE -I/usr/local/include   -L/usr/local/lib conftest.c  >&5
conftest.c:69:6: warning: incompatible redeclaration of library function 'strchr' [-Wincompatible-library-redeclaration]
char strchr ();
     ^
conftest.c:69:6: note: 'strchr' is a builtin with type 'char *(const char *, int)'
1 warning generated.
configure:12856: $? = 0
configure:12856: result: yes
configure:12856: checking for strcspn
configure:12856: gcc -o conftest -g -O2 -D_THREAD_SAFE -pthread -DTHREAD_SAFE -I/usr/local/include   -L/usr/local/lib conftest.c  >&5
conftest.c:70:6: warning: incompatible redeclaration of library function 'strcspn' [-Wincompatible-library-redeclaration]
char strcspn ();
     ^
conftest.c:70:6: note: 'strcspn' is a builtin with type 'unsigned long (const char *, const char *)'
1 warning generated.
configure:12856: $? = 0
configure:12856: result: yes
configure:12856: checking for strdup
configure:12856: gcc -o conftest -g -O2 -D_THREAD_SAFE -pthread -DTHREAD_SAFE -I/usr/local/include   -L/usr/local/lib conftest.c  >&5
conftest.c:71:6: warning: incompatible redeclaration of library function 'strdup' [-Wincompatible-library-redeclaration]
char strdup ();
     ^
conftest.c:71:6: note: 'strdup' is a builtin with type 'char *(const char *)'
1 warning generated.
configure:12856: $? = 0
configure:12856: result: yes
configure:12856: checking for strerror
configure:12856: gcc -o conftest -g -O2 -D_THREAD_SAFE -pthread -DTHREAD_SAFE -I/usr/local/include   -L/usr/local/lib conftest.c  >&5
conftest.c:72:6: warning: incompatible redeclaration of library function 'strerror' [-Wincompatible-library-redeclaration]
char strerror ();
     ^
conftest.c:72:6: note: 'strerror' is a builtin with type 'char *(int)'
1 warning generated.
configure:12856: $? = 0
configure:12856: result: yes
configure:12856: checking for strpbrk
configure:12856: gcc -o conftest -g -O2 -D_THREAD_SAFE -pthread -DTHREAD_SAFE -I/usr/local/include   -L/usr/local/lib conftest.c  >&5
conftest.c:73:6: warning: incompatible redeclaration of library function 'strpbrk' [-Wincompatible-library-redeclaration]
char strpbrk ();
     ^
conftest.c:73:6: note: 'strpbrk' is a builtin with type 'char *(const char *, const char *)'
1 warning generated.
configure:12856: $? = 0
configure:12856: result: yes
configure:12856: checking for strrchr
configure:12856: gcc -o conftest -g -O2 -D_THREAD_SAFE -pthread -DTHREAD_SAFE -I/usr/local/include   -L/usr/local/lib conftest.c  >&5
conftest.c:74:6: warning: incompatible redeclaration of library function 'strrchr' [-Wincompatible-library-redeclaration]
char strrchr ();
     ^
conftest.c:74:6: note: 'strrchr' is a builtin with type 'char *(const char *, int)'
1 warning generated.
configure:12856: $? = 0
configure:12856: result: yes
configure:12856: checking for strspn
configure:12856: gcc -o conftest -g -O2 -D_THREAD_SAFE -pthread -DTHREAD_SAFE -I/usr/local/include   -L/usr/local/lib conftest.c  >&5
conftest.c:75:6: warning: incompatible redeclaration of library function 'strspn' [-Wincompatible-library-redeclaration]
char strspn ();
     ^
conftest.c:75:6: note: 'strspn' is a builtin with type 'unsigned long (const char *, const char *)'
1 warning generated.
configure:12856: $? = 0
configure:12856: result: yes
configure:12856: checking for strstr
configure:12856: gcc -o conftest -g -O2 -D_THREAD_SAFE -pthread -DTHREAD_SAFE -I/usr/local/include   -L/usr/local/lib conftest.c  >&5
conftest.c:76:6: warning: incompatible redeclaration of library function 'strstr' [-Wincompatible-library-redeclaration]
char strstr ();
     ^
conftest.c:76:6: note: 'strstr' is a builtin with type 'char *(const char *, const char *)'
1 warning generated.
configure:12856: $? = 0
configure:12856: result: yes
configure:12856: checking for strtol
configure:12856: gcc -o conftest -g -O2 -D_THREAD_SAFE -pthread -DTHREAD_SAFE -I/usr/local/include   -L/usr/local/lib conftest.c  >&5
configure:12856: $? = 0
configure:12856: result: yes
configure:12982: creating ./config.status

## ---------------------- ##
## Running config.status. ##
## ---------------------- ##

This file was extended by libhl config.status libhl.3.1.19.g36e95c1, which was
generated by GNU Autoconf 2.69.  Invocation command line was

  CONFIG_FILES    = 
  CONFIG_HEADERS  = 
  CONFIG_LINKS    = 
  CONFIG_COMMANDS = 
  $ ./config.status 

on ASIO-pool-laptop.local

config.status:1077: creating Makefile
config.status:1077: creating config.h
config.status:1261: executing libtool commands

## ---------------- ##
## Cache variables. ##
## ---------------- ##

ac_cv_build=i686-apple-darwin15.5.0
ac_cv_c_compiler_gnu=yes
ac_cv_c_inline=inline
ac_cv_c_int16_t=yes
ac_cv_c_int32_t=yes
ac_cv_c_int64_t=yes
ac_cv_c_uint16_t=yes
ac_cv_c_uint32_t=yes
ac_cv_c_uint64_t=yes
ac_cv_c_uint8_t=yes
ac_cv_env_CC_set=
ac_cv_env_CC_value=
ac_cv_env_CFLAGS_set=
ac_cv_env_CFLAGS_value=
ac_cv_env_CPPFLAGS_set=
ac_cv_env_CPPFLAGS_value=
ac_cv_env_CPP_set=
ac_cv_env_CPP_value=
ac_cv_env_LDFLAGS_set=
ac_cv_env_LDFLAGS_value=
ac_cv_env_LIBS_set=
ac_cv_env_LIBS_value=
ac_cv_env_LT_SYS_LIBRARY_PATH_set=
ac_cv_env_LT_SYS_LIBRARY_PATH_value=
ac_cv_env_build_alias_set=
ac_cv_env_build_alias_value=
ac_cv_env_host_alias_set=
ac_cv_env_host_alias_value=
ac_cv_env_target_alias_set=
ac_cv_env_target_alias_value=
ac_cv_func_gettimeofday=yes
ac_cv_func_malloc_0_nonnull=yes
ac_cv_func_memchr=yes
ac_cv_func_memmove=yes
ac_cv_func_memset=yes
ac_cv_func_realloc_0_nonnull=yes
ac_cv_func_stpcpy=yes
ac_cv_func_strchr=yes
ac_cv_func_strcoll_works=yes
ac_cv_func_strcspn=yes
ac_cv_func_strdup=yes
ac_cv_func_strerror=yes
ac_cv_func_strpbrk=yes
ac_cv_func_strrchr=yes
ac_cv_func_strspn=yes
ac_cv_func_strstr=yes
ac_cv_func_strtol=yes
ac_cv_header_dlfcn_h=yes
ac_cv_header_fcntl_h=yes
ac_cv_header_inttypes_h=yes
ac_cv_header_limits_h=yes
ac_cv_header_memory_h=yes
ac_cv_header_stdbool_h=yes
ac_cv_header_stdc=yes
ac_cv_header_stdint_h=yes
ac_cv_header_stdlib_h=yes
ac_cv_header_string_h=yes
ac_cv_header_strings_h=yes
ac_cv_header_sys_ioctl_h=yes
ac_cv_header_sys_param_h=yes
ac_cv_header_sys_stat_h=yes
ac_cv_header_sys_time_h=yes
ac_cv_header_sys_types_h=yes
ac_cv_header_syslog_h=yes
ac_cv_header_unistd_h=yes
ac_cv_host=i686-apple-darwin15.5.0
ac_cv_objext=o
ac_cv_path_EGREP='/usr/bin/grep -E'
ac_cv_path_FGREP='/usr/bin/grep -F'
ac_cv_path_GREP=/usr/bin/grep
ac_cv_path_SED=/usr/local/bin/gsed
ac_cv_path_lt_DD=/bin/dd
ac_cv_prog_AWK=gawk
ac_cv_prog_CPP='gcc -E'
ac_cv_prog_ac_ct_AR=ar
ac_cv_prog_ac_ct_CC=gcc
ac_cv_prog_ac_ct_DSYMUTIL=dsymutil
ac_cv_prog_ac_ct_LIPO=lipo
ac_cv_prog_ac_ct_NMEDIT=nmedit
ac_cv_prog_ac_ct_OTOOL=otool
ac_cv_prog_ac_ct_RANLIB=ranlib
ac_cv_prog_ac_ct_STRIP=strip
ac_cv_prog_cc_c89=
ac_cv_prog_cc_g=yes
ac_cv_prog_make_make_set=yes
ac_cv_type__Bool=yes
ac_cv_type_size_t=yes
ac_cv_type_ssize_t=yes
ax_cv_PTHREAD_PRIO_INHERIT=yes
lt_cv_apple_cc_single_mod=yes
lt_cv_ar_at_file=no
lt_cv_deplibs_check_method=pass_all
lt_cv_file_magic_cmd='$MAGIC_CMD'
lt_cv_file_magic_test_file=
lt_cv_ld_exported_symbols_list=yes
lt_cv_ld_force_load=yes
lt_cv_ld_reload_flag=-r
lt_cv_nm_interface='BSD nm'
lt_cv_objdir=.libs
lt_cv_path_LD=/Applications/Xcode.app/Contents/Developer/Toolchains/XcodeDefault.xctoolchain/usr/bin/ld
lt_cv_path_NM='/usr/bin/nm -B'
lt_cv_path_mainfest_tool=no
lt_cv_prog_compiler_c_o=yes
lt_cv_prog_compiler_pic='-fno-common -DPIC'
lt_cv_prog_compiler_pic_works=yes
lt_cv_prog_compiler_rtti_exceptions=yes
lt_cv_prog_compiler_static_works=no
lt_cv_prog_gnu_ld=no
lt_cv_sharedlib_from_linklib_cmd='printf %s\n'
lt_cv_sys_global_symbol_pipe='sed -n -e '\''s/^.*[	 ]\([BCDEGRST][BCDEGRST]*\)[	 ][	 ]*_\([_A-Za-z][_A-Za-z0-9]*\)$/\1 _\2 \2/p'\'' | sed '\''/ __gnu_lto/d'\'''
lt_cv_sys_global_symbol_to_c_name_address='sed -n -e '\''s/^: \(.*\) .*$/  {"\1", (void *) 0},/p'\'' -e '\''s/^[BCDEGRST][BCDEGRST]* .* \(.*\)$/  {"\1", (void *) \&\1},/p'\'''
lt_cv_sys_global_symbol_to_c_name_address_lib_prefix='sed -n -e '\''s/^: \(.*\) .*$/  {"\1", (void *) 0},/p'\'' -e '\''s/^[BCDEGRST][BCDEGRST]* .* \(lib.*\)$/  {"\1", (void *) \&\1},/p'\'' -e '\''s/^[BCDEGRST][BCDEGRST]* .* \(.*\)$/  {"lib\1", (void *) \&\1},/p'\'''
lt_cv_sys_global_symbol_to_cdecl='sed -n -e '\''s/^T .* \(.*\)$/extern int \1();/p'\'' -e '\''s/^[BCDEGRST][BCDEGRST]* .* \(.*\)$/extern char \1;/p'\'''
lt_cv_sys_global_symbol_to_import=
lt_cv_sys_max_cmd_len=196608
lt_cv_to_host_file_cmd=func_convert_file_noop
lt_cv_to_tool_file_cmd=func_convert_file_noop
lt_cv_truncate_bin='/bin/dd bs=4096 count=1'

## ----------------- ##
## Output variables. ##
## ----------------- ##

AR='ar'
AWK='gawk'
CC='gcc'
CFLAGS='-g -O2 -D_THREAD_SAFE -pthread -DTHREAD_SAFE -I/usr/local/include'
CPP='gcc -E'
CPPFLAGS=''
DEFS='-DHAVE_CONFIG_H'
DLLTOOL='false'
DSYMUTIL='dsymutil'
DUMPBIN=''
ECHO_C='\c'
ECHO_N=''
ECHO_T=''
EGREP='/usr/bin/grep -E'
EXEEXT=''
FGREP='/usr/bin/grep -F'
GREP='/usr/bin/grep'
LD='/Applications/Xcode.app/Contents/Developer/Toolchains/XcodeDefault.xctoolchain/usr/bin/ld'
LDFLAGS=' -L/usr/local/lib'
LIBOBJS=''
LIBS=''
LIBTOOL='$(SHELL) $(top_builddir)/libtool'
LIBTOOL_DEPS='build-aux/ltmain.sh'
LIPO='lipo'
LN_S='ln -s'
LTLIBOBJS=''
LT_SYS_LIBRARY_PATH=''
MANIFEST_TOOL=':'
NM='/usr/bin/nm -B'
NMEDIT='nmedit'
OBJDUMP='false'
OBJEXT='o'
OTOOL64=':'
OTOOL='otool'
PACKAGE_BUGREPORT='https://github.com/xant/libhl/issues'
PACKAGE_NAME='libhl'
PACKAGE_STRING='libhl libhl.3.1.19.g36e95c1'
PACKAGE_TARNAME='libhl'
PACKAGE_URL=''
PACKAGE_VERSION='libhl.3.1.19.g36e95c1'
PATH_SEPARATOR=':'
PTHREAD_CC='gcc'
PTHREAD_CFLAGS='-D_THREAD_SAFE -pthread'
PTHREAD_LIBS=''
RANLIB='ranlib'
SED='/usr/local/bin/gsed'
SET_MAKE=''
SHELL='/bin/sh'
STRIP='strip'
ac_ct_AR='ar'
ac_ct_CC='gcc'
ac_ct_DUMPBIN=''
ax_pthread_config=''
bindir='${exec_prefix}/bin'
build='i686-apple-darwin15.5.0'
build_alias=''
build_cpu='i686'
build_os='darwin15.5.0'
build_vendor='apple'
datadir='${datarootdir}'
datarootdir='${prefix}/share'
docdir='${datarootdir}/doc/${PACKAGE_TARNAME}'
dvidir='${docdir}'
exec_prefix='${prefix}'
host='i686-apple-darwin15.5.0'
host_alias=''
host_cpu='i686'
host_os='darwin15.5.0'
host_vendor='apple'
htmldir='${docdir}'
includedir='${prefix}/include'
infodir='${datarootdir}/info'
libdir='${exec_prefix}/lib'
libexecdir='${exec_prefix}/libexec'
localedir='${datarootdir}/locale'
localstatedir='${prefix}/var'
mandir='${datarootdir}/man'
oldincludedir='/usr/include'
pdfdir='${docdir}'
prefix='/usr/local'
program_transform_name='s,x,x,'
psdir='${docdir}'
sbindir='${exec_prefix}/sbin'
sharedstatedir='${prefix}/com'
sysconfdir='${prefix}/etc'
target_alias=''

## ----------- ##
## confdefs.h. ##
## ----------- ##

/* confdefs.h */
#define PACKAGE_NAME "libhl"
#define PACKAGE_TARNAME "libhl"
#define PACKAGE_VERSION "libhl.3.1.19.g36e95c1"
#define PACKAGE_STRING "libhl libhl.3.1.19.g36e95c1"
#define PACKAGE_BUGREPORT "https://github.com/xant/libhl/issues"
#define PACKAGE_URL ""
#define STDC_HEADERS 1
#define HAVE_SYS_TYPES_H 1
#define HAVE_SYS_STAT_H 1
#define HAVE_STDLIB_H 1
#define HAVE_STRING_H 1
#define HAVE_MEMORY_H 1
#define HAVE_STRINGS_H 1
#define HAVE_INTTYPES_H 1
#define HAVE_STDINT_H 1
#define HAVE_UNISTD_H 1
#define HAVE_DLFCN_H 1
#define LT_OBJDIR ".libs/"
#define HAVE_FCNTL_H 1
#define HAVE_INTTYPES_H 1
#define HAVE_LIMITS_H 1
#define HAVE_STDINT_H 1
#define HAVE_STDLIB_H 1
#define HAVE_STRING_H 1
#define HAVE_STRINGS_H 1
#define HAVE_SYS_IOCTL_H 1
#define HAVE_SYS_PARAM_H 1
#define HAVE_SYS_TIME_H 1
#define HAVE_SYSLOG_H 1
#define HAVE_UNISTD_H 1
#define HAVE__BOOL 1
#define HAVE_STDLIB_H 1
#define HAVE_MALLOC 1
#define HAVE_STDLIB_H 1
#define HAVE_REALLOC 1
#define HAVE_STRCOLL 1
#define HAVE_PTHREAD_PRIO_INHERIT 1
#define HAVE_PTHREAD 1
#define HAVE_GETTIMEOFDAY 1
#define HAVE_MEMCHR 1
#define HAVE_MEMMOVE 1
#define HAVE_MEMSET 1
#define HAVE_STPCPY 1
#define HAVE_STRCHR 1
#define HAVE_STRCSPN 1
#define HAVE_STRDUP 1
#define HAVE_STRERROR 1
#define HAVE_STRPBRK 1
#define HAVE_STRRCHR 1
#define HAVE_STRSPN 1
#define HAVE_STRSTR 1
#define HAVE_STRTOL 1

configure: exit 0
